<?xml version="1.0" encoding="UTF-8"?>
<testng-results ignored="0" total="1" passed="1" failed="0" skipped="0">
  <reporter-output>
  </reporter-output>
  <suite started-at="2022-07-06T18:09:24 IST" name="Default suite" finished-at="2022-07-06T18:09:30 IST" duration-ms="6072">
    <groups>
    </groups>
    <test started-at="2022-07-06T18:09:24 IST" name="Default test" finished-at="2022-07-06T18:09:30 IST" duration-ms="6072">
      <class name="UI.LoginTest">
        <test-method is-config="true" signature="SetUp()[pri:0, instance:UI.LoginTest@5e82df6a]" started-at="2022-07-06T18:09:24 IST" name="SetUp" finished-at="2022-07-06T18:09:29 IST" duration-ms="4432" status="PASS">
          <reporter-output>
          </reporter-output>
        </test-method> <!-- SetUp -->
        <test-method signature="Logintest()[pri:0, instance:UI.LoginTest@5e82df6a]" started-at="2022-07-06T18:09:29 IST" name="Logintest" finished-at="2022-07-06T18:09:30 IST" duration-ms="1560" status="PASS">
          <reporter-output>
          </reporter-output>
        </test-method> <!-- Logintest -->
        <test-method is-config="true" signature="tearDown()[pri:0, instance:UI.LoginTest@5e82df6a]" started-at="2022-07-06T18:09:30 IST" name="tearDown" finished-at="2022-07-06T18:09:30 IST" duration-ms="61" status="PASS">
          <reporter-output>
          </reporter-output>
        </test-method> <!-- tearDown -->
      </class> <!-- UI.LoginTest -->
    </test> <!-- Default test -->
  </suite> <!-- Default suite -->
</testng-results>
