<?xml version="1.0" encoding="UTF-8"?>
<testng-results ignored="0" total="1" passed="1" failed="0" skipped="0">
  <reporter-output>
  </reporter-output>
  <suite started-at="2022-07-05T12:48:29 IST" name="Default suite" finished-at="2022-07-05T12:48:38 IST" duration-ms="8770">
    <groups>
    </groups>
    <test started-at="2022-07-05T12:48:29 IST" name="Default test" finished-at="2022-07-05T12:48:38 IST" duration-ms="8770">
      <class name="UI.LoginTest">
        <test-method is-config="true" signature="SetUp()[pri:0, instance:UI.LoginTest@130161f7]" started-at="2022-07-05T12:48:29 IST" name="SetUp" finished-at="2022-07-05T12:48:34 IST" duration-ms="4472" status="PASS">
          <reporter-output>
          </reporter-output>
        </test-method> <!-- SetUp -->
        <test-method signature="Logintest()[pri:0, instance:UI.LoginTest@130161f7]" started-at="2022-07-05T12:48:34 IST" name="Logintest" finished-at="2022-07-05T12:48:38 IST" duration-ms="4215" status="PASS">
          <reporter-output>
          </reporter-output>
        </test-method> <!-- Logintest -->
        <test-method is-config="true" signature="tearDown()[pri:0, instance:UI.LoginTest@130161f7]" started-at="2022-07-05T12:48:38 IST" name="tearDown" finished-at="2022-07-05T12:48:38 IST" duration-ms="62" status="PASS">
          <reporter-output>
          </reporter-output>
        </test-method> <!-- tearDown -->
      </class> <!-- UI.LoginTest -->
    </test> <!-- Default test -->
  </suite> <!-- Default suite -->
</testng-results>
